<?xml version="1.0" encoding="UTF-8"?>
<testng-results skipped="0" failed="0" ignored="0" total="1" passed="1">
  <reporter-output>
  </reporter-output>
  <suite name="Default suite" duration-ms="12269" started-at="2022-03-02T16:22:35Z" finished-at="2022-03-02T16:22:47Z">
    <groups>
    </groups>
    <test name="Default test" duration-ms="12269" started-at="2022-03-02T16:22:35Z" finished-at="2022-03-02T16:22:47Z">
      <class name="february2022.tugas4.AppTest">
        <test-method status="PASS" signature="createChromeDriver()[pri:0, instance:february2022.tugas4.AppTest@74455848]" name="createChromeDriver" is-config="true" duration-ms="9492" started-at="2022-03-02T16:22:35Z" finished-at="2022-03-02T16:22:44Z">
          <reporter-output>
          </reporter-output>
        </test-method> <!-- createChromeDriver -->
        <test-method status="PASS" signature="test1()[pri:0, instance:february2022.tugas4.AppTest@74455848]" name="test1" duration-ms="1911" started-at="2022-03-02T16:22:44Z" finished-at="2022-03-02T16:22:46Z">
          <reporter-output>
          </reporter-output>
        </test-method> <!-- test1 -->
        <test-method status="PASS" signature="quitChromeDriver()[pri:0, instance:february2022.tugas4.AppTest@74455848]" name="quitChromeDriver" is-config="true" duration-ms="698" started-at="2022-03-02T16:22:46Z" finished-at="2022-03-02T16:22:47Z">
          <reporter-output>
          </reporter-output>
        </test-method> <!-- quitChromeDriver -->
      </class> <!-- february2022.tugas4.AppTest -->
    </test> <!-- Default test -->
  </suite> <!-- Default suite -->
</testng-results>
